0 info it worked if it ends with ok
1 verbose cli [ 'node', '/usr/local/bin/npm', 'i', 'gulp', '-g' ]
2 info using npm@2.7.4
3 info using node@v0.12.2
4 silly cache add args [ 'gulp', null ]
5 verbose cache add spec gulp
6 silly cache add parsed spec { raw: 'gulp',
6 silly cache add   scope: null,
6 silly cache add   name: 'gulp',
6 silly cache add   rawSpec: '',
6 silly cache add   spec: '*',
6 silly cache add   type: 'range' }
7 verbose addNamed gulp@*
8 silly addNamed semver.valid null
9 silly addNamed semver.validRange *
10 silly addNameRange { name: 'gulp', range: '*', hasData: false }
11 silly mapToRegistry name gulp
12 silly mapToRegistry using default registry
13 silly mapToRegistry registry https://registry.npmjs.org/
14 silly mapToRegistry uri https://registry.npmjs.org/gulp
15 verbose addNameRange registry:https://registry.npmjs.org/gulp not in flight; fetching
16 verbose request uri https://registry.npmjs.org/gulp
17 verbose request no auth needed
18 info attempt registry request try #1 at 8:31:56 PM
19 verbose request id fa45958d94e9bbb0
20 verbose etag "DO9QOICW8EP2FLDB9V21LAGH6"
21 http request GET https://registry.npmjs.org/gulp
22 http 200 https://registry.npmjs.org/gulp
23 silly get cb [ 200,
23 silly get   { server: 'CouchDB/1.5.0 (Erlang OTP/R16B03)',
23 silly get     etag: '"982L7QFCZ5PVHQ3OVK7Y76L7D"',
23 silly get     'content-type': 'application/json',
23 silly get     'cache-control': 'max-age=60',
23 silly get     'content-length': '101938',
23 silly get     'accept-ranges': 'bytes',
23 silly get     date: 'Thu, 28 May 2015 00:31:56 GMT',
23 silly get     via: '1.1 varnish',
23 silly get     age: '6',
23 silly get     connection: 'keep-alive',
23 silly get     'x-served-by': 'cache-iad2142-IAD',
23 silly get     'x-cache': 'HIT',
23 silly get     'x-cache-hits': '1',
23 silly get     'x-timer': 'S1432773116.602869,VS0,VE0',
23 silly get     vary: 'Accept' } ]
24 verbose get saving gulp to /Users/MJR/.npm/registry.npmjs.org/gulp/.cache.json
25 silly addNameRange number 2 { name: 'gulp', range: '*', hasData: true }
26 silly addNameRange versions [ 'gulp',
26 silly addNameRange   [ '0.0.1',
26 silly addNameRange     '0.0.2',
26 silly addNameRange     '0.0.3',
26 silly addNameRange     '0.0.4',
26 silly addNameRange     '0.0.5',
26 silly addNameRange     '0.0.7',
26 silly addNameRange     '0.0.8',
26 silly addNameRange     '0.0.9',
26 silly addNameRange     '0.1.0',
26 silly addNameRange     '0.2.0',
26 silly addNameRange     '1.0.0',
26 silly addNameRange     '1.1.0',
26 silly addNameRange     '1.2.0',
26 silly addNameRange     '1.2.1',
26 silly addNameRange     '2.0.0',
26 silly addNameRange     '2.0.1',
26 silly addNameRange     '2.1.0',
26 silly addNameRange     '2.2.0',
26 silly addNameRange     '2.3.0',
26 silly addNameRange     '2.4.0',
26 silly addNameRange     '2.4.1',
26 silly addNameRange     '2.6.0',
26 silly addNameRange     '2.6.1',
26 silly addNameRange     '2.7.0',
26 silly addNameRange     '3.0.0',
26 silly addNameRange     '3.1.1',
26 silly addNameRange     '3.1.2',
26 silly addNameRange     '3.1.3',
26 silly addNameRange     '3.1.4',
26 silly addNameRange     '3.2.0',
26 silly addNameRange     '3.2.1',
26 silly addNameRange     '3.2.2',
26 silly addNameRange     '3.2.3',
26 silly addNameRange     '3.2.4',
26 silly addNameRange     '3.2.5',
26 silly addNameRange     '3.3.0',
26 silly addNameRange     '3.3.1',
26 silly addNameRange     '3.3.2',
26 silly addNameRange     '3.3.4',
26 silly addNameRange     '3.4.0',
26 silly addNameRange     '3.5.0',
26 silly addNameRange     '3.5.1',
26 silly addNameRange     '3.5.2',
26 silly addNameRange     '3.5.5',
26 silly addNameRange     '3.5.6',
26 silly addNameRange     '3.6.0',
26 silly addNameRange     '3.6.1',
26 silly addNameRange     '3.6.2',
26 silly addNameRange     '3.7.0',
26 silly addNameRange     '3.8.0',
26 silly addNameRange     '3.8.1',
26 silly addNameRange     '3.8.2',
26 silly addNameRange     '3.8.3',
26 silly addNameRange     '3.8.4',
26 silly addNameRange     '3.8.5',
26 silly addNameRange     '3.8.6',
26 silly addNameRange     '3.8.7',
26 silly addNameRange     '3.8.8',
26 silly addNameRange     '3.8.9',
26 silly addNameRange     '3.8.10',
26 silly addNameRange     '3.8.11' ] ]
27 verbose addNamed gulp@3.8.11
28 silly addNamed semver.valid 3.8.11
29 silly addNamed semver.validRange 3.8.11
30 silly cache afterAdd gulp@3.8.11
31 verbose afterAdd /Users/MJR/.npm/gulp/3.8.11/package/package.json not in flight; writing
32 verbose afterAdd /Users/MJR/.npm/gulp/3.8.11/package/package.json written
33 silly install resolved [ { name: 'gulp',
33 silly install resolved     description: 'The streaming build system',
33 silly install resolved     version: '3.8.11',
33 silly install resolved     homepage: 'http://gulpjs.com',
33 silly install resolved     repository: { type: 'git', url: 'https://github.com/gulpjs/gulp' },
33 silly install resolved     author:
33 silly install resolved      { name: 'Fractal',
33 silly install resolved        email: 'contact@wearefractal.com',
33 silly install resolved        url: 'http://wearefractal.com/' },
33 silly install resolved     tags: [ 'build', 'stream', 'system', 'make', 'tool', 'asset', 'pipeline' ],
33 silly install resolved     files: [ 'index.js', 'lib', 'bin', 'completion' ],
33 silly install resolved     bin: { gulp: './bin/gulp.js' },
33 silly install resolved     man: [ 'gulp.1' ],
33 silly install resolved     dependencies:
33 silly install resolved      { archy: '^1.0.0',
33 silly install resolved        chalk: '^0.5.0',
33 silly install resolved        deprecated: '^0.0.1',
33 silly install resolved        'gulp-util': '^3.0.0',
33 silly install resolved        interpret: '^0.3.2',
33 silly install resolved        liftoff: '^2.0.1',
33 silly install resolved        minimist: '^1.1.0',
33 silly install resolved        orchestrator: '^0.3.0',
33 silly install resolved        'pretty-hrtime': '^0.2.0',
33 silly install resolved        semver: '^4.1.0',
33 silly install resolved        tildify: '^1.0.0',
33 silly install resolved        v8flags: '^2.0.2',
33 silly install resolved        'vinyl-fs': '^0.3.0' },
33 silly install resolved     devDependencies:
33 silly install resolved      { coveralls: '^2.7.0',
33 silly install resolved        'graceful-fs': '^3.0.0',
33 silly install resolved        istanbul: '^0.3.0',
33 silly install resolved        jshint: '^2.5.0',
33 silly install resolved        'jshint-stylish': '^1.0.0',
33 silly install resolved        'marked-man': '^0.1.3',
33 silly install resolved        mkdirp: '^0.5.0',
33 silly install resolved        mocha: '^2.0.1',
33 silly install resolved        'mocha-lcov-reporter': '^0.0.1',
33 silly install resolved        q: '^1.0.0',
33 silly install resolved        rimraf: '^2.2.5',
33 silly install resolved        should: '^4.0.0' },
33 silly install resolved     scripts:
33 silly install resolved      { prepublish: 'marked-man --name gulp docs/CLI.md > gulp.1',
33 silly install resolved        lint: 'jshint lib bin index.js --reporter node_modules/jshint-stylish/stylish.js --exclude node_modules',
33 silly install resolved        test: 'npm run-script lint && mocha --reporter spec',
33 silly install resolved        coveralls: 'istanbul cover _mocha --report lcovonly -- -R spec && cat ./coverage/lcov.info | coveralls && rm -rf ./coverage' },
33 silly install resolved     engineStrict: true,
33 silly install resolved     engines: { node: '>= 0.9' },
33 silly install resolved     licenses: [ [Object] ],
33 silly install resolved     gitHead: '84df40b0faabc2b61d576154fd1145e2146377ca',
33 silly install resolved     bugs: { url: 'https://github.com/gulpjs/gulp/issues' },
33 silly install resolved     _id: 'gulp@3.8.11',
33 silly install resolved     _shasum: 'd557e0a7283eb4136491969b0497767972f1d28a',
33 silly install resolved     _from: 'gulp@*',
33 silly install resolved     _npmVersion: '2.5.1',
33 silly install resolved     _nodeVersion: '0.12.0',
33 silly install resolved     _npmUser: { name: 'phated', email: 'blaine@iceddev.com' },
33 silly install resolved     maintainers: [ [Object], [Object] ],
33 silly install resolved     dist:
33 silly install resolved      { shasum: 'd557e0a7283eb4136491969b0497767972f1d28a',
33 silly install resolved        tarball: 'http://registry.npmjs.org/gulp/-/gulp-3.8.11.tgz' },
33 silly install resolved     directories: {},
33 silly install resolved     _resolved: 'https://registry.npmjs.org/gulp/-/gulp-3.8.11.tgz',
33 silly install resolved     readme: 'ERROR: No README data found!' } ]
34 info install gulp@3.8.11 into /usr/local/lib
35 info installOne gulp@3.8.11
36 verbose installOne of gulp to /usr/local/lib not in flight; installing
37 verbose lock using /Users/MJR/.npm/_locks/gulp-709d00e5d169ceb3.lock for /usr/local/lib/node_modules/gulp
38 silly install write writing gulp 3.8.11 to /usr/local/lib/node_modules/gulp
39 silly cache addNamed cb gulp@3.8.11
40 verbose unbuild lib/node_modules/gulp
41 silly gentlyRm /usr/local/lib/node_modules/gulp is being purged from base /usr/local
42 verbose gentlyRm don't care about contents; nuking /usr/local/lib/node_modules/gulp
43 verbose tar unpack /Users/MJR/.npm/gulp/3.8.11/package.tgz
44 verbose tar unpacking to /usr/local/lib/node_modules/gulp
45 silly gentlyRm /usr/local/lib/node_modules/gulp is being purged
46 verbose gentlyRm don't care about contents; nuking /usr/local/lib/node_modules/gulp
47 silly gunzTarPerm modes [ '755', '644' ]
48 error tar.unpack untar error /Users/MJR/.npm/gulp/3.8.11/package.tgz
49 verbose unlock done using /Users/MJR/.npm/_locks/gulp-709d00e5d169ceb3.lock for /usr/local/lib/node_modules/gulp
50 verbose fstream_path /usr/local/lib/node_modules/gulp
51 verbose fstream_type Directory
52 verbose fstream_class DirWriter
53 verbose stack Error: EACCES, mkdir '/usr/local/lib/node_modules/gulp'
53 verbose stack     at Error (native)
54 verbose fstream_stack /usr/local/lib/node_modules/npm/node_modules/fstream/lib/dir-writer.js:36:23
54 verbose fstream_stack /usr/local/lib/node_modules/npm/node_modules/mkdirp/index.js:46:53
54 verbose fstream_stack FSReqWrap.oncomplete (fs.js:95:15)
55 verbose cwd /Users/MJR/repos/ungentry
56 error Darwin 14.3.0
57 error argv "node" "/usr/local/bin/npm" "i" "gulp" "-g"
58 error node v0.12.2
59 error npm  v2.7.4
60 error path /usr/local/lib/node_modules/gulp
61 error code EACCES
62 error errno -13
63 error Error: EACCES, mkdir '/usr/local/lib/node_modules/gulp'
63 error     at Error (native)
63 error  { [Error: EACCES, mkdir '/usr/local/lib/node_modules/gulp']
63 error   errno: -13,
63 error   code: 'EACCES',
63 error   path: '/usr/local/lib/node_modules/gulp',
63 error   fstream_type: 'Directory',
63 error   fstream_path: '/usr/local/lib/node_modules/gulp',
63 error   fstream_class: 'DirWriter',
63 error   fstream_stack:
63 error    [ '/usr/local/lib/node_modules/npm/node_modules/fstream/lib/dir-writer.js:36:23',
63 error      '/usr/local/lib/node_modules/npm/node_modules/mkdirp/index.js:46:53',
63 error      'FSReqWrap.oncomplete (fs.js:95:15)' ] }
64 error Please try running this command again as root/Administrator.
65 verbose exit [ -13, true ]
66 verbose unbuild lib/node_modules/gulp
67 silly gentlyRm /usr/local/lib/node_modules/gulp is being purged from base /usr/local
68 verbose gentlyRm don't care about contents; nuking /usr/local/lib/node_modules/gulp
